<?xml version="1.0" encoding="UTF-8"?>
<!-- Generated by org.testng.reporters.JUnitXMLReporter -->
<testsuite hostname="LT0105527" ignored="0" name="Default test" tests="3" failures="0" timestamp="2019-09-10T19:54:43 IST" time="15.679" errors="0">
  <testcase name="titlecompare" time="0.021" classname="MainTest.NewTest"/>
  <testcase name="username" time="0.251" classname="MainTest.NewTest"/>
  <testcase name="login" time="2.142" classname="MainTest.NewTest"/>
</testsuite> <!-- Default test -->
